<?xml version="1.0" encoding="UTF-8"?>
<!-- Generated by org.testng.reporters.JUnitXMLReporter -->
<testsuite ignored="0" hostname="DESKTOP-PG7JRJ0" failures="0" tests="4" name="Test" time="103.206" errors="0" timestamp="2022-03-26T11:17:38 IST">
  <testcase classname="com.simplilearn.FacebookTest" name="launchAma" time="23.283"/>
  <testcase classname="com.simplilearn.FacebookTest" name="testTitle" time="0.003"/>
  <testcase classname="com.simplilearn.FacebookTest" name="login" time="35.806"/>
  <testcase classname="com.simplilearn.FacebookTest" name="addToCart" time="43.976"/>
</testsuite> <!-- Test -->
