<?xml version="1.0" encoding="UTF-8"?>
<testng-results ignored="0" total="4" passed="4" failed="0" skipped="0">
  <reporter-output>
  </reporter-output>
  <suite started-at="2022-03-26T11:15:55 IST" name="Suite" finished-at="2022-03-26T11:17:38 IST" duration-ms="103206">
    <groups>
    </groups>
    <test started-at="2022-03-26T11:15:55 IST" name="Test" finished-at="2022-03-26T11:17:38 IST" duration-ms="103206">
      <class name="com.simplilearn.FacebookTest">
        <test-method is-config="true" signature="beforeMethod()[pri:0, instance:com.simplilearn.FacebookTest@4e096385]" started-at="2022-03-26T11:15:55 IST" name="beforeMethod" finished-at="2022-03-26T11:15:55 IST" duration-ms="18" status="PASS">
          <reporter-output>
          </reporter-output>
        </test-method> <!-- beforeMethod -->
        <test-method signature="launchAma()[pri:0, instance:com.simplilearn.FacebookTest@4e096385]" started-at="2022-03-26T11:15:55 IST" name="launchAma" finished-at="2022-03-26T11:16:18 IST" duration-ms="23283" status="PASS">
          <reporter-output>
          </reporter-output>
        </test-method> <!-- launchAma -->
        <test-method is-config="true" signature="afterMethod()[pri:0, instance:com.simplilearn.FacebookTest@4e096385]" started-at="2022-03-26T11:16:18 IST" name="afterMethod" finished-at="2022-03-26T11:16:18 IST" duration-ms="0" status="PASS">
          <reporter-output>
          </reporter-output>
        </test-method> <!-- afterMethod -->
        <test-method is-config="true" signature="beforeMethod()[pri:0, instance:com.simplilearn.FacebookTest@4e096385]" started-at="2022-03-26T11:16:18 IST" name="beforeMethod" finished-at="2022-03-26T11:16:18 IST" duration-ms="0" status="PASS">
          <reporter-output>
          </reporter-output>
        </test-method> <!-- beforeMethod -->
        <test-method signature="testTitle()[pri:0, instance:com.simplilearn.FacebookTest@4e096385]" started-at="2022-03-26T11:16:18 IST" name="testTitle" finished-at="2022-03-26T11:16:18 IST" depends-on-methods="com.simplilearn.FacebookTest.launchAma" duration-ms="3" status="PASS">
          <reporter-output>
          </reporter-output>
        </test-method> <!-- testTitle -->
        <test-method is-config="true" signature="afterMethod()[pri:0, instance:com.simplilearn.FacebookTest@4e096385]" started-at="2022-03-26T11:16:18 IST" name="afterMethod" finished-at="2022-03-26T11:16:18 IST" duration-ms="1" status="PASS">
          <reporter-output>
          </reporter-output>
        </test-method> <!-- afterMethod -->
        <test-method is-config="true" signature="beforeMethod()[pri:0, instance:com.simplilearn.FacebookTest@4e096385]" started-at="2022-03-26T11:16:18 IST" name="beforeMethod" finished-at="2022-03-26T11:16:18 IST" duration-ms="1" status="PASS">
          <reporter-output>
          </reporter-output>
        </test-method> <!-- beforeMethod -->
        <test-method signature="login()[pri:2, instance:com.simplilearn.FacebookTest@4e096385]" started-at="2022-03-26T11:16:18 IST" name="login" finished-at="2022-03-26T11:16:54 IST" duration-ms="35806" status="PASS">
          <reporter-output>
          </reporter-output>
        </test-method> <!-- login -->
        <test-method is-config="true" signature="afterMethod()[pri:0, instance:com.simplilearn.FacebookTest@4e096385]" started-at="2022-03-26T11:16:54 IST" name="afterMethod" finished-at="2022-03-26T11:16:54 IST" duration-ms="0" status="PASS">
          <reporter-output>
          </reporter-output>
        </test-method> <!-- afterMethod -->
        <test-method is-config="true" signature="beforeMethod()[pri:0, instance:com.simplilearn.FacebookTest@4e096385]" started-at="2022-03-26T11:16:54 IST" name="beforeMethod" finished-at="2022-03-26T11:16:54 IST" duration-ms="6" status="PASS">
          <reporter-output>
          </reporter-output>
        </test-method> <!-- beforeMethod -->
        <test-method signature="addToCart()[pri:3, instance:com.simplilearn.FacebookTest@4e096385]" started-at="2022-03-26T11:16:54 IST" name="addToCart" finished-at="2022-03-26T11:17:38 IST" duration-ms="43976" status="PASS">
          <reporter-output>
          </reporter-output>
        </test-method> <!-- addToCart -->
        <test-method is-config="true" signature="afterMethod()[pri:0, instance:com.simplilearn.FacebookTest@4e096385]" started-at="2022-03-26T11:17:38 IST" name="afterMethod" finished-at="2022-03-26T11:17:38 IST" duration-ms="2" status="PASS">
          <reporter-output>
          </reporter-output>
        </test-method> <!-- afterMethod -->
      </class> <!-- com.simplilearn.FacebookTest -->
    </test> <!-- Test -->
  </suite> <!-- Suite -->
</testng-results>
