<?xml version="1.0" encoding="UTF-8"?>
<!-- Generated by org.testng.reporters.JUnitXMLReporter -->
<testsuite hostname="DESKTOP-PG7JRJ0" ignored="0" name="Command line test" tests="4" failures="0" timestamp="2022-03-26T11:45:54 IST" time="91.888" errors="0">
  <testcase name="launchAma" time="25.285" classname="com.simplilearn.FacebookTest"/>
  <testcase name="testTitle" time="0.001" classname="com.simplilearn.FacebookTest"/>
  <testcase name="login" time="30.432" classname="com.simplilearn.FacebookTest"/>
  <testcase name="addToCart" time="35.904" classname="com.simplilearn.FacebookTest"/>
</testsuite> <!-- Command line test -->
