<?xml version="1.0" encoding="UTF-8" ?>
<testsuite tests="4" failures="0" name="com.simplilearn.FacebookTest" time="91.622" errors="0" skipped="0">
  <properties>
[...]
</properties>
  <testcase classname="com.simplilearn.FacebookTest" name="launchAma" time="25.286"/>
  <testcase classname="com.simplilearn.FacebookTest" name="testTitle" time="0.001"/>
  <testcase classname="com.simplilearn.FacebookTest" name="login" time="30.431"/>
  <testcase classname="com.simplilearn.FacebookTest" name="addToCart" time="35.904"/>
</testsuite>